C51 COMPILER V9.60.0.0   MAIN                                                              02/16/2023 15:23:51 PAGE 1   


C51 COMPILER V9.60.0.0, COMPILATION OF MODULE MAIN
OBJECT MODULE PLACED IN .\Objects\main.obj
COMPILER INVOKED BY: D:\SoftWare\keil5\C51\BIN\C51.EXE main.c OPTIMIZE(8,SPEED) BROWSE DEBUG OBJECTEXTEND PRINT(.\Listin
                    -gs\main.lst) TABS(2) OBJECT(.\Objects\main.obj)

line level    source

   1          #include <reg52.h>
   2          #include <intrins.h>
   3          #include <stdio.h>
   4          #define uint unsigned int
   5          #define uchar unsigned char
   6          //--------PIN-----------//
   7          
   8          /*函数或者变量声明*/
   9          
  10          void    UARTInit    (void);
  11          void    SendData    (unsigned char dat);
  12          void    SendString  (unsigned char *s );
  13          void    Delay1000ms ();
  14          
  15          uchar num;  //接收到的值
  16          
  17          /*-------------- 主函数--------------*/
  18          void main()
  19          {
  20   1          UARTInit(); //串口初始化
  21   1        
  22   1        
  23   1        while(1){ 
  24   2            
  25   2          TI = 1;
  26   2          puts("Hello Wolrd!");   // 每次打印都会换行   支持中文打印 
  27   2          while(!TI);
  28   2          TI = 0;
  29   2          Delay1000ms();
  30   2          }
  31   1      
  32   1      }
  33          /*--------------相关函数--------------*/
  34          //延时函数
  35          void Delay1000ms()    //@11.0592MHz
  36          {
  37   1        unsigned char i, j, k;
  38   1      
  39   1        i = 43;
  40   1        j = 6;
  41   1        k = 203;
  42   1        do
  43   1        {
  44   2          do
  45   2          {
  46   3            while (--k);
  47   3          } while (--j);
  48   2        } while (--i);
  49   1      }
  50          
  51          //重写putchar函数
  52          char putchar(char c)
  53          {
  54   1        SendData(c);
C51 COMPILER V9.60.0.0   MAIN                                                              02/16/2023 15:23:51 PAGE 2   

  55   1        return c;
  56   1      }
  57          
  58          void UARTInit()
  59          {
  60   1        EA = 1; //打开总中断
  61   1        ES = 1; //打开串口中断
  62   1        SM0 = 0;  
  63   1        SM1 = 1;//串口工作方式1,8位UART波特率可变
  64   1        REN = 1;//串口允许接收
  65   1        TR1 = 1;//启动定时器1
  66   1        TMOD |= 0x20;//定时器1，工作模式2 8位自动重装 n  
  67   1        TH1 = 0xfd;   // 根据下面的公式计算得到
  68   1        TL1 = 0xfd; //设置比特率9600
  69   1      }
  70          
  71            
  72          
  73          
  74          // 发送一个字节数据
  75          void SendData(unsigned char dat)
  76          {
  77   1        SBUF = dat;       // 把要发送的数据存入写SBUF
  78   1        while(TI == 0);   // 等待发送标志位置1
  79   1        TI = 0;
  80   1      }
  81          
  82          // 发送字符串，以'\0'形式结尾
  83          void SendString(unsigned char *s)
  84          {
  85   1        while (*s!='\0')    // 检查是否到结尾
  86   1        {
  87   2          SendData(*s ++);  // 地址递增进行逐个发送
  88   2        }
  89   1      }
  90          
  91          //串口中断函数
  92          void IRQ_UART() interrupt 4
  93          {
  94   1        if(RI)//判断接收是否完成
  95   1        {
  96   2          num = SBUF;//读SBUF，读出串口接收到的数据
  97   2          RI = 0;//软件清零接收标志位 
  98   2        }
  99   1        if(TI)//判断是否发送完成
 100   1          TI = 0;//清零发送完成标志位 
 101   1      } 
 102          
 103          
 104          


MODULE INFORMATION:   STATIC OVERLAYABLE
   CODE SIZE        =    126    ----
   CONSTANT SIZE    =     13    ----
   XDATA SIZE       =   ----    ----
   PDATA SIZE       =   ----    ----
   DATA SIZE        =      1       4
   IDATA SIZE       =   ----    ----
   BIT SIZE         =   ----    ----
END OF MODULE INFORMATION.


C51 COMPILATION COMPLETE.  0 WARNING(S),  0 ERROR(S)
