C51 COMPILER V9.60.0.0   MAIN                                                              02/17/2023 09:48:55 PAGE 1   


C51 COMPILER V9.60.0.0, COMPILATION OF MODULE MAIN
OBJECT MODULE PLACED IN .\Objects\main.obj
COMPILER INVOKED BY: D:\SoftWare\keil5\C51\BIN\C51.EXE main.c OPTIMIZE(8,SPEED) BROWSE DEBUG OBJECTEXTEND PRINT(.\Listin
                    -gs\main.lst) TABS(2) OBJECT(.\Objects\main.obj)

line level    source

   1          #include <reg52.h>
   2          #include <intrins.h>
   3          //--------超声波测距-PIN---------//
   4          sbit Trig = P2^0;
   5          sbit Echo = P2^1;
   6          /*函数或者变量声明*/
   7          void Delay10us();
   8          void Rstart();
   9          int gettime();
  10          float Getdis(unsigned int time);
  11          void star();
  12          void end();
  13          void GetOnce();
  14          void  UltrasonicTest(void);
  15          unsigned int time = -1;
  16          float dis = -1;
  17          //--------LCD-PIN---------//
  18          #define uchar unsigned char // 以后unsigned char就可以用uchar代替
  19          #define uint  unsigned int  // 以后unsigned int 就可以用uint 代替
  20          
  21          sbit LCD_RS   = P3^6;     // 1602液晶的RS管脚       
  22          sbit LCD_RW   = P3^5;     // 1602液晶的RW管脚 
  23          sbit LCD_EN   = P3^4;     // 1602液晶的EN管脚
  24          
  25          #define LCD_DataPort P0
  26          void LCD_Init();
  27          void LCD_ShowString(unsigned char Line,unsigned char Column,char *String);
  28          void LCD_ShowNum(unsigned char Line,unsigned char Column,unsigned int Number,unsigned char Length);
  29          
  30          //-------BEEP-PIN-----------//
  31          sbit BEEP = P1^5;
  32          
  33          /*函数或者变量声明*/
  34          void Delay100ms();
  35          void BEEPControl(unsigned int b);
  36          /*********************************************************/
  37          // 毫秒级的延时函数，time是要延时的毫秒数
  38          /*********************************************************/
  39          void LCD_Delay()
  40          {
  41   1        unsigned char i, j;
  42   1        _nop_();
  43   1        i = 2;
  44   1        j = 199;
  45   1        do
  46   1        {
  47   2          while (--j);
  48   2        } while (--i);
  49   1      }
  50          
  51          /**
  52            * @brief  LCD1602写命令
  53            * @param  Command 要写入的命令
  54            * @retval 无
C51 COMPILER V9.60.0.0   MAIN                                                              02/17/2023 09:48:55 PAGE 2   

  55            */
  56          void LCD_WriteCommand(unsigned char Command)
  57          {
  58   1        LCD_RS=0;
  59   1        LCD_RW=0;
  60   1        LCD_DataPort=Command;
  61   1        LCD_EN=1;
  62   1        LCD_Delay();
  63   1        LCD_EN=0;
  64   1        LCD_Delay();
  65   1      }
  66          
  67          /**
  68            * @brief  LCD1602写数据
  69            * @param  Data 要写入的数据
  70            * @retval 无
  71            */
  72          void LCD_WriteData(unsigned char Data)
  73          {
  74   1        LCD_RS=1;
  75   1        LCD_RW=0;
  76   1        LCD_DataPort=Data;
  77   1        LCD_EN=1;
  78   1        LCD_Delay();
  79   1        LCD_EN=0;
  80   1        LCD_Delay();
  81   1      }
  82          
  83          /**
  84            * @brief  LCD1602设置光标位置
  85            * @param  Line 行位置，范围：1~2
  86            * @param  Column 列位置，范围：1~16
  87            * @retval 无
  88            */
  89          void LCD_SetCursor(unsigned char Line,unsigned char Column)
  90          {
  91   1        if(Line==1)
  92   1        {
  93   2          LCD_WriteCommand(0x80|(Column-1));
  94   2        }
  95   1        else if(Line==2)
  96   1        {
  97   2          LCD_WriteCommand(0x80|(Column-1+0x40));
  98   2        }
  99   1      }
 100          
 101          /**
 102            * @brief  LCD1602初始化函数
 103            * @param  无
 104            * @retval 无
 105            */
 106          void LCD_Init()
 107          {
 108   1        LCD_WriteCommand(0x38);//八位数据接口，两行显示，5*7点阵
 109   1        LCD_WriteCommand(0x0c);//显示开，光标关，闪烁关
 110   1        LCD_WriteCommand(0x06);//数据读写操作后，光标自动加一，画面不动
 111   1        LCD_WriteCommand(0x01);//光标复位，清屏
 112   1      }
 113          
 114          /**
 115            * @brief  在LCD1602指定位置开始显示所给字符串
 116            * @param  Line 起始行位置，范围：1~2
C51 COMPILER V9.60.0.0   MAIN                                                              02/17/2023 09:48:55 PAGE 3   

 117            * @param  Column 起始列位置，范围：1~16
 118            * @param  String 要显示的字符串
 119            * @retval 无
 120            */
 121          void LCD_ShowString(unsigned char Line,unsigned char Column,char *String)
 122          {
 123   1        unsigned char i;
 124   1        LCD_SetCursor(Line,Column);
 125   1        for(i=0;String[i]!='\0';i++)
 126   1        {
 127   2          LCD_WriteData(String[i]);
 128   2        }
 129   1      }
 130          
 131          /**
 132            * @brief  返回值=X的Y次方
 133            */
 134          int LCD_Pow(int X,int Y)
 135          {
 136   1        unsigned char i;
 137   1        int Result=1;
 138   1        for(i=0;i<Y;i++)
 139   1        {
 140   2          Result*=X;
 141   2        }
 142   1        return Result;
 143   1      }
 144          
 145          /**
 146           * @brief  在LCD1602指定位置开始显示所给数字
 147           * @param  Line 起始行位置，范围：1~2
 148           * @param  Column 起始列位置，范围：1~16
 149           * @param  Number 要显示的数字，范围：0~65535
 150           * @param  Length 要显示数字的长度，范围：1~5
 151           * @retval 无
 152            */
 153          void LCD_ShowNum(unsigned char Line,unsigned char Column,unsigned int Number,unsigned char Length)
 154          {
 155   1        unsigned char i;
 156   1        LCD_SetCursor(Line,Column);
 157   1        for(i=Length;i>0;i--)
 158   1        {
 159   2          LCD_WriteData(Number/LCD_Pow(10,i-1)%10+'0');
 160   2        }
 161   1      }
 162          
 163          /********超声波相关函数*************************************************//********************************
             -*************************/
 164          void Delay10us()
 165          {
 166   1       TMOD |= 0x1;
 167   1       TH0 = 0xFF;
 168   1       TL0 = 0xF6;
 169   1       TR0 = 1;
 170   1       while(!TF0);
 171   1       TF0 = 0;
 172   1      }
 173          void Rstart()  
 174          {
 175   1       Trig=0;
 176   1       Trig=1;
 177   1       Delay10us();
C51 COMPILER V9.60.0.0   MAIN                                                              02/17/2023 09:48:55 PAGE 4   

 178   1       Trig=0;
 179   1      }
 180          
 181          //获取时间
 182          int gettime()
 183          {
 184   1       unsigned int time = 0;
 185   1       time = TH0*256+TL0 ;// TH0<<8 | TL0;
 186   1       return time;
 187   1      }
 188          //获取距离
 189          float Getdis(unsigned int time)  
 190          {
 191   1       float distance;
 192   1       distance = (float)time * 0.0017;
 193   1         TH0=0;
 194   1         TL0=0;
 195   1       return distance;
 196   1      }
 197          void star()
 198          {
 199   1       TH0 = 0;
 200   1       TL0 = 0;
 201   1       TR0 = 1;
 202   1      }
 203          void end()
 204          {
 205   1       TR0 = 0;
 206   1      }
 207          void GetOnce()  
 208          {
 209   1       Rstart();
 210   1       while(!Echo);
 211   1       star();
 212   1       while(Echo);
 213   1       end();
 214   1      }
 215          /*--------------相关函数--------------*/
 216          //延时函数
 217          void Delay100ms()   //@11.0592MHz
 218          {
 219   1        unsigned char i, j, k;
 220   1      
 221   1        i = 5;
 222   1        j = 52;
 223   1        k = 195;
 224   1        do
 225   1        {
 226   2          do
 227   2          {
 228   3            while (--k);
 229   3          } while (--j);
 230   2        } while (--i);
 231   1      }
 232          
 233          //蜂鸣器
 234          void BEEPControl(unsigned int b){
 235   1        if(b == 0){BEEP = 1 ;}//不响
 236   1        else BEEP = 0 ;//响
 237   1        
 238   1      }
 239          /*********************************************************//**********************************************
C51 COMPILER V9.60.0.0   MAIN                                                              02/17/2023 09:48:55 PAGE 5   

             -***********/
 240          // 主函数
 241          /*********************************************************/
 242          void main()
 243          {
 244   1        LCD_Init();               // 液晶功能初始化 
 245   1        while(1)
 246   1        {
 247   2          GetOnce();
 248   2          time = gettime();
 249   2          dis = Getdis(time);
 250   2          LCD_ShowString(1,3,"dis:");
 251   2          LCD_ShowNum(2,7,dis,2);
 252   2          if(dis <5)BEEPControl(1);
 253   2          else BEEPControl(0);
 254   2          
 255   2        }
 256   1      }


MODULE INFORMATION:   STATIC OVERLAYABLE
   CODE SIZE        =    441    ----
   CONSTANT SIZE    =      5    ----
   XDATA SIZE       =   ----    ----
   PDATA SIZE       =   ----    ----
   DATA SIZE        =      6      12
   IDATA SIZE       =   ----    ----
   BIT SIZE         =   ----    ----
END OF MODULE INFORMATION.


C51 COMPILATION COMPLETE.  0 WARNING(S),  0 ERROR(S)
