C51 COMPILER V9.60.0.0   MAIN                                                              12/15/2022 15:01:25 PAGE 1   


C51 COMPILER V9.60.0.0, COMPILATION OF MODULE MAIN
OBJECT MODULE PLACED IN .\Objects\main.obj
COMPILER INVOKED BY: D:\SoftWare\keil5\C51\BIN\C51.EXE main.c OPTIMIZE(8,SPEED) BROWSE DEBUG OBJECTEXTEND PRINT(.\Listin
                    -gs\main.lst) TABS(2) OBJECT(.\Objects\main.obj)

line level    source

   1          #include <reg52.h>
   2          #include <intrins.h>
   3          //-------KEY-PIN-----------//
   4          sbit KEY1 = P3^0;
   5          sbit KEY2 = P3^1;
   6          sbit KEY3 = P3^2;
   7          sbit KEY4 = P3^3;
   8          //-------舵机-PIN-----------//
   9          sbit SG90=P2^5;
  10          
  11          /*函数或者变量声明*/
  12          void Delay100ms();
  13          void Time0Init();
  14          void  ServoMotorTest(void);
  15          /*-------------- 主函数--------------*/
  16          void main()
  17          {   
  18   1          Time0Init();
  19   1          while(1){
  20   2          ServoMotorTest();
  21   2          }
  22   1      
  23   1      }
  24          
  25          /*--------------相关函数--------------*/
  26          //延时函数
  27          void Delay100ms()   //@11.0592MHz
  28          {
  29   1        unsigned char i, j, k;
  30   1      
  31   1        i = 5;
  32   1        j = 52;
  33   1        k = 195;
  34   1        do
  35   1        {
  36   2          do
  37   2          {
  38   3            while (--k);
  39   3          } while (--j);
  40   2        } while (--i);
  41   1      }
  42          
  43          void Time0Init(){
  44   1        TMOD=0x01;
  45   1        TL0=0x33;
  46   1        TH0=0xFE;//配置定时器0，时长0.5ms
  47   1        
  48   1        TR0=1;//定时器开启
  49   1        
  50   1        TF0=0;
  51   1        ET0=1;
  52   1        EA=1; //中断开启
  53   1      
  54   1      }
C51 COMPILER V9.60.0.0   MAIN                                                              12/15/2022 15:01:25 PAGE 2   

  55          
  56          int  cnt=0;
  57          int  angel=0;
  58          void ServoMotorTest(void){
  59   1        if(KEY1==0)   angel=3;
  60   1        if(KEY2==0)   angel=0;
  61   1        if(KEY3==0)   angel=4;
  62   1      }
  63          
  64          
  65          
  66          void Time0() interrupt 1    //中断函数
  67          {   
  68   1        TL0 = 0x33; 
  69   1        TH0 = 0xFE;
  70   1        cnt++;
  71   1        
  72   1        if(cnt<=angel)//当小于等于时，这里变为高电平
  73   1        {
  74   2           SG90=1;
  75   2        }
  76   1        else
  77   1        {
  78   2           SG90=0;
  79   2        }
  80   1         
  81   1        if(cnt==40)
  82   1        {
  83   2          cnt=0;
  84   2          SG90=1;
  85   2        }
  86   1        
  87   1      }
  88          
  89          /*--------------相关函数--------------*/
  90          
  91          
  92          
  93          


MODULE INFORMATION:   STATIC OVERLAYABLE
   CODE SIZE        =    131    ----
   CONSTANT SIZE    =   ----    ----
   XDATA SIZE       =   ----    ----
   PDATA SIZE       =   ----    ----
   DATA SIZE        =      4    ----
   IDATA SIZE       =   ----    ----
   BIT SIZE         =   ----    ----
END OF MODULE INFORMATION.


C51 COMPILATION COMPLETE.  0 WARNING(S),  0 ERROR(S)
