C51 COMPILER V9.60.0.0   MAIN                                                              12/16/2022 09:41:42 PAGE 1   


C51 COMPILER V9.60.0.0, COMPILATION OF MODULE MAIN
OBJECT MODULE PLACED IN .\Objects\main.obj
COMPILER INVOKED BY: D:\SoftWare\keil5\C51\BIN\C51.EXE main.c OPTIMIZE(8,SPEED) BROWSE DEBUG OBJECTEXTEND PRINT(.\Listin
                    -gs\main.lst) TABS(2) OBJECT(.\Objects\main.obj)

line level    source

   1          #include <reg52.h>
   2          #include <intrins.h>
   3          
   4          //-------BEEP-PIN-----------//
   5          sbit BEEP = P1^5;
   6          
   7          /*函数或者变量声明*/
   8          void Delay100ms();
   9          void  BEEP_Test (void);
  10          /*-------------- 主函数--------------*/
  11          void main()
  12          {
  13   1      
  14   1          while(1){
  15   2          BEEP_Test();
  16   2          }
  17   1      
  18   1      }
  19          
  20          /*--------------相关函数--------------*/
  21          //延时函数
  22          void Delay100ms()   //@11.0592MHz
  23          {
  24   1        unsigned char i, j, k;
  25   1      
  26   1        i = 5;
  27   1        j = 52;
  28   1        k = 195;
  29   1        do
  30   1        {
  31   2          do
  32   2          {
  33   3            while (--k);
  34   3          } while (--j);
  35   2        } while (--i);
  36   1      }
  37          
  38          //蜂鸣器
  39          void BEEP_Test(void){
  40   1          BEEP = 1 ;//不响
  41   1          Delay100ms();
  42   1          BEEP = 0 ;//响
  43   1          Delay100ms();
  44   1      }
  45          /*--------------相关函数--------------*/
  46          
  47          
  48          
  49          


MODULE INFORMATION:   STATIC OVERLAYABLE
   CODE SIZE        =     28    ----
   CONSTANT SIZE    =   ----    ----
C51 COMPILER V9.60.0.0   MAIN                                                              12/16/2022 09:41:42 PAGE 2   

   XDATA SIZE       =   ----    ----
   PDATA SIZE       =   ----    ----
   DATA SIZE        =   ----    ----
   IDATA SIZE       =   ----    ----
   BIT SIZE         =   ----    ----
END OF MODULE INFORMATION.


C51 COMPILATION COMPLETE.  0 WARNING(S),  0 ERROR(S)
