C51 COMPILER V9.60.0.0   MAIN                                                              12/15/2022 11:47:05 PAGE 1   


C51 COMPILER V9.60.0.0, COMPILATION OF MODULE MAIN
OBJECT MODULE PLACED IN .\Objects\main.obj
COMPILER INVOKED BY: D:\SoftWare\keil5\C51\BIN\C51.EXE main.c OPTIMIZE(8,SPEED) BROWSE DEBUG OBJECTEXTEND PRINT(.\Listin
                    -gs\main.lst) TABS(2) OBJECT(.\Objects\main.obj)

line level    source

   1          #include <reg52.h>
   2          #include <intrins.h>
   3          //-------LED-PIN-----------//
   4          sbit LED3 = P1^0;
   5          sbit LED4 = P1^1;
   6          sbit LED5 = P1^2;
   7          sbit LED6 = P1^3; 
   8          sbit LED7 = P1^4;
   9          //-------KEY-PIN-----------//
  10          sbit KEY1 = P3^0;
  11          sbit KEY2 = P3^1;
  12          sbit KEY3 = P3^2;
  13          sbit KEY4 = P3^3;
  14          
  15          /*函数或者变量声明*/
  16          void  KEY_Test  (void);
  17          /*-------------- 主函数--------------*/
  18          void main()
  19          {
  20   1      
  21   1          while(1){
  22   2          KEY_Test();
  23   2          }
  24   1      
  25   1      }
  26          
  27          /*--------------相关函数--------------*/
  28          //按键
  29          void KEY_Test(void){
  30   1          LED3=KEY4;
  31   1          LED4=KEY3;
  32   1          LED5=KEY2;
  33   1          LED6=KEY1;
  34   1          LED7=KEY1;
  35   1      }
  36          /*--------------相关函数--------------*/
  37          
  38          
  39          
  40          


MODULE INFORMATION:   STATIC OVERLAYABLE
   CODE SIZE        =     26    ----
   CONSTANT SIZE    =   ----    ----
   XDATA SIZE       =   ----    ----
   PDATA SIZE       =   ----    ----
   DATA SIZE        =   ----    ----
   IDATA SIZE       =   ----    ----
   BIT SIZE         =   ----    ----
END OF MODULE INFORMATION.


C51 COMPILATION COMPLETE.  0 WARNING(S),  0 ERROR(S)
