C51 COMPILER V9.60.0.0   MAIN                                                              12/21/2022 14:34:54 PAGE 1   


C51 COMPILER V9.60.0.0, COMPILATION OF MODULE MAIN
OBJECT MODULE PLACED IN .\Objects\main.obj
COMPILER INVOKED BY: D:\SoftWare\keil5\C51\BIN\C51.EXE main.c OPTIMIZE(8,SPEED) BROWSE DEBUG OBJECTEXTEND PRINT(.\Listin
                    -gs\main.lst) TABS(2) OBJECT(.\Objects\main.obj)

line level    source

   1          #include <reg52.h>
   2          #include <intrins.h>
   3          
   4          //-------数码管-PIN-----------//
   5          typedef unsigned char u8;
   6          typedef unsigned int u16;
   7          typedef unsigned long u32;
   8          
   9          sbit LSA  = P2^2; //定义管脚
  10          sbit LSB  = P2^3;
  11          sbit LSC  = P2^4;
  12          
  13          sbit LE = P2^5;  //定义方向
  14          
  15          /*函数或者变量声明*/
  16          void  Delay100ms();
  17          void  NixieTube_Test(void);
  18          /*-------------- 主函数--------------*/
  19          void main()
  20          {
  21   1          LE = 1 ;
  22   1          while(1){
  23   2      //      LSA=1; LSB=1; LSC=1;
  24   2      //      P0 = 0x06;
  25   2          NixieTube_Test();
  26   2          }
  27   1      }
  28          
  29          /*--------------相关函数--------------*/
  30          //延时函数
  31          void Delay100ms()   //@11.0592MHz
  32          {
  33   1        unsigned char i, j, k;
  34   1      
  35   1        i = 5;
  36   1        j = 52;
  37   1        k = 195;
  38   1        do
  39   1        {
  40   2          do
  41   2          {
  42   3            while (--k);
  43   3          } while (--j);
  44   2        } while (--i);
  45   1      }
  46          
  47          
  48          
  49          void Delay100us()   //@11.0592MHz
  50          {
  51   1        unsigned char i, j;
  52   1      
  53   1      
  54   1        i = 2;
C51 COMPILER V9.60.0.0   MAIN                                                              12/21/2022 14:34:54 PAGE 2   

  55   1        j = 15;
  56   1        do
  57   1        {
  58   2          while (--j);
  59   2        } while (--i);
  60   1      }
  61          
  62          /*********************************************************************************************************
             -***/
  63          //数码管
  64          u8 code smg[16]={ 0x3f  , 0x06 , 0x5b , 0x4f , 
  65                            0x66  , 0x6d , 0x7d , 0x07 , 
  66                            0x7f  , 0x6f , 0x77 , 0x7c ,                            //Line   Bleak  Bleak   Spot
  67                            0x39  , 0x5e , 0x79 , 0x71};//共阴数码管段选数据即显示的数字//0x40   0x00   0xFF   0x80
  68          
  69          //u8 code smg[16]={ 0xC0  , 0xF9 , 0xA4 , 0xB0 , 
  70          //                0x99  , 0x92 , 0x82 , 0xF8 , 
  71          //                0x80  , 0x90 , 0x88 , 0x83 ,
  72          //                0xC6  , 0xA1 , 0x86 , 0x8E};//共阳数码管段选数据即显示的数字  //0xBF 0xFF 0x00  0x7F            
  73          
  74          void NixieTube_Test(void){
  75   1        u8 i = 0;     
  76   1        while(1)
  77   1        {
  78   2              switch(i){
  79   3      //            case(0):LSA=0;LSB=0;LSC=0;break;//第一个数码管LSC LSB LSA  000 之和为0
  80   3      //            case(1):LSA=1;LSB=0;LSC=0;break;//第二个数码管LSC LSB LSA  001 之和为1
  81   3      //            case(2):LSA=0;LSB=1;LSC=0;break;//第三个数码管LSC LSB LSA  010 之和为2
  82   3      //            case(3):LSA=1;LSB=1;LSC=0;break;//第四个数码管LSC LSB LSA  011 之和为3
  83   3      //            case(4):LSA=0;LSB=0;LSC=1;break;//第五个数码管LSC LSB LSA  100 之和为4
  84   3      //            case(5):LSA=1;LSB=0;LSC=1;break;//第六个数码管LSC LSB LSA  101 之和为5
  85   3      //            case(6):LSA=0;LSB=1;LSC=1;break;//第七个数码管LSC LSB LSA  110 之和为6
  86   3      //            case(7):LSA=1;LSB=1;LSC=1;break;//第八个数码管LSC LSB LSA  111 之和为7
  87   3                
  88   3                  case(7):LSA=0; LSB=0; LSC=0; break;//第一个数码管LSC LSB LSA  000 之和为0
  89   3                  case(6):LSA=1; LSB=0; LSC=0; break;//第二个数码管LSC LSB LSA  001 之和为1
  90   3                  case(5):LSA=0; LSB=1; LSC=0; break;//第三个数码管LSC LSB LSA  010 之和为2
  91   3                  case(4):LSA=1; LSB=1; LSC=0; break;//第四个数码管LSC LSB LSA  011 之和为3
  92   3                  case(3):LSA=0; LSB=0; LSC=1; break;//第五个数码管LSC LSB LSA  100 之和为4
  93   3                  case(2):LSA=1; LSB=0; LSC=1; break;//第六个数码管LSC LSB LSA  101 之和为5
  94   3                  case(1):LSA=0; LSB=1; LSC=1; break;//第七个数码管LSC LSB LSA  110 之和为6
  95   3                  case(0):LSA=1; LSB=1; LSC=1; break;//第八个数码管LSC LSB LSA  111 之和为7 
  96   3                  default : i = -1; break;
  97   3            }
  98   2            P0 = smg[i];  //接收段选数据
  99   2            i ++;
 100   2            Delay100us(); //利用视觉暂留效应  
 101   2            P0 = 0x00;
 102   2        }
 103   1      }
 104          
 105          /*--------------相关函数--------------*/
 106          
 107          
 108          
 109          


MODULE INFORMATION:   STATIC OVERLAYABLE
   CODE SIZE        =    134    ----
   CONSTANT SIZE    =     16    ----
   XDATA SIZE       =   ----    ----
C51 COMPILER V9.60.0.0   MAIN                                                              12/21/2022 14:34:54 PAGE 3   

   PDATA SIZE       =   ----    ----
   DATA SIZE        =   ----    ----
   IDATA SIZE       =   ----    ----
   BIT SIZE         =   ----    ----
END OF MODULE INFORMATION.


C51 COMPILATION COMPLETE.  0 WARNING(S),  0 ERROR(S)
