C51 COMPILER V9.60.0.0   MAIN                                                              12/16/2022 15:27:57 PAGE 1   


C51 COMPILER V9.60.0.0, COMPILATION OF MODULE MAIN
OBJECT MODULE PLACED IN .\Objects\main.obj
COMPILER INVOKED BY: D:\SoftWare\keil5\C51\BIN\C51.EXE main.c OPTIMIZE(8,SPEED) BROWSE DEBUG OBJECTEXTEND PRINT(.\Listin
                    -gs\main.lst) TABS(2) OBJECT(.\Objects\main.obj)

line level    source

   1          #include <reg52.h>
   2          #include <intrins.h>
   3          //-------LED-PIN-----------//
   4          sbit LED3 = P1^0;
   5          sbit LED4 = P1^1;
   6          sbit LED5 = P1^2;
   7          sbit LED6 = P1^3; 
   8          sbit LED7 = P1^4;
   9          
  10          //-------红外避障-----------//
  11          sbit XG1OUT = P0^4;
  12          sbit XG2OUT = P0^5;
  13          sbit XG3OUT = P0^6;
  14          
  15          /*函数或者变量声明*/
  16          void  Lightpatrol_Test  (void);
  17          /*-------------- 主函数--------------*/
  18          void main()
  19          {
  20   1      //    LED3 = 1;
  21   1      //    LED4 = 1;
  22   1      //    LED5 = 1;
  23   1      //    LED6 = 1;
  24   1      //    LED7 = 1;
  25   1          XG1OUT = 0;
  26   1          XG2OUT = 0;
  27   1          XG3OUT = 0;
  28   1          while(1){
  29   2          Lightpatrol_Test();
  30   2          }
  31   1      
  32   1      }
  33          
  34          /*--------------相关函数--------------*/
  35          
  36          void Lightpatrol_Test(void)//巡光模块
  37          {
  38   1      
  39   1        if(XG1OUT==1) LED3 = 1; else LED3 = 0 ;
  40   1        if(XG2OUT==1) LED4 = 1; else LED4 = 0 ;
  41   1        if(XG3OUT==1) LED5 = 1; else LED5 = 0 ;
  42   1      }
  43          /*--------------相关函数--------------*/
  44          
  45          
  46          
  47          
  48          
  49          


MODULE INFORMATION:   STATIC OVERLAYABLE
   CODE SIZE        =     38    ----
   CONSTANT SIZE    =   ----    ----
C51 COMPILER V9.60.0.0   MAIN                                                              12/16/2022 15:27:57 PAGE 2   

   XDATA SIZE       =   ----    ----
   PDATA SIZE       =   ----    ----
   DATA SIZE        =   ----    ----
   IDATA SIZE       =   ----    ----
   BIT SIZE         =   ----    ----
END OF MODULE INFORMATION.


C51 COMPILATION COMPLETE.  0 WARNING(S),  0 ERROR(S)
