C51 COMPILER V9.60.0.0   MAIN                                                              12/15/2022 12:31:56 PAGE 1   


C51 COMPILER V9.60.0.0, COMPILATION OF MODULE MAIN
OBJECT MODULE PLACED IN .\Objects\main.obj
COMPILER INVOKED BY: D:\SoftWare\keil5\C51\BIN\C51.EXE main.c OPTIMIZE(8,SPEED) BROWSE DEBUG OBJECTEXTEND PRINT(.\Listin
                    -gs\main.lst) TABS(2) OBJECT(.\Objects\main.obj)

line level    source

   1          #include <reg52.h>
   2          #include <intrins.h>
   3          //-------LED-----------//
   4          sbit LED3 = P1^0;
   5          sbit LED4 = P1^1;
   6          sbit LED5 = P1^2;
   7          sbit LED6 = P1^3; 
   8          sbit LED7 = P1^4;
   9          //--------按键矩阵----------//
  10          sbit L_KEY8 = P2^0;
  11          sbit L_KEY7 = P2^1;
  12          sbit L_KEY6 = P2^2; 
  13          sbit L_KEY5 = P2^3;//代表列的四个引脚
  14          
  15          sbit H_KEY4 = P2^4;
  16          sbit H_KEY3 = P2^5;
  17          sbit H_KEY2 = P1^5;
  18          sbit H_KEY1 = P1^6;//代表行的四个引脚 
  19          
  20          /*函数或者变量声明*/
  21          char key_scan();
  22          void KeyMatrixTest(void);
  23          /*-------------- 主函数--------------*/
  24          void main()
  25          {
  26   1      
  27   1          while(1){
  28   2          KeyMatrixTest();
  29   2          }
  30   1      
  31   1      }
  32          
  33          /*--------------相关函数--------------*/
  34          char key_scan() {//按键矩阵扫描
  35   1          char num =0;
  36   1      //第一行
  37   1          H_KEY1 = 0;
  38   1          if(L_KEY8==0)
  39   1              num = 1;
  40   1          if(L_KEY7==0)
  41   1              num = 2;
  42   1          if(L_KEY6==0)
  43   1              num = 3;
  44   1          if(L_KEY5==0)
  45   1              num = 4;
  46   1          H_KEY1 = 1;
  47   1      //第二行
  48   1          H_KEY2 = 0;
  49   1          if(L_KEY8==0)
  50   1              num = 5;
  51   1          if(L_KEY7==0)
  52   1              num = 6;
  53   1          if(L_KEY6==0)
  54   1              num = 7;
C51 COMPILER V9.60.0.0   MAIN                                                              12/15/2022 12:31:56 PAGE 2   

  55   1          if(L_KEY5==0)
  56   1              num = 8;
  57   1          H_KEY2 = 1;
  58   1      //第三行
  59   1          H_KEY3 = 0;
  60   1          if(L_KEY8==0)
  61   1              num = 9;
  62   1          if(L_KEY7==0)
  63   1              num = 10;
  64   1          if(L_KEY6==0)
  65   1              num = 11;
  66   1          if(L_KEY5==0)
  67   1              num = 12;
  68   1          H_KEY3 = 1;
  69   1      //第四行
  70   1          H_KEY4 = 0;
  71   1          if(L_KEY8==0)
  72   1              num = 13;
  73   1          if(L_KEY7==0)
  74   1              num = 14;
  75   1          if(L_KEY6==0)
  76   1              num = 15;
  77   1          if(L_KEY5==0)
  78   1              num = 16;
  79   1          H_KEY4 = 1;
  80   1          
  81   1        return num;
  82   1      }
  83          char num = 0;
  84          void KeyMatrixTest(void){                 //按键矩阵测试
  85   1        
  86   1          P2=0xff;    //清空P2口，防止原有数据影响
  87   1          P1=0xff;    //清空P1口，防止原有数据影响  
  88   1          num = key_scan();
  89   1          switch(num){
  90   2                      case (1) :      LED4=0;     break;
  91   2                      case (2) :      LED5=0;     break;  
  92   2                      case (3) :      LED6=0;     break;
  93   2                      case (4) :      LED7=0;     break;
  94   2                      case (5) :      LED4=0;     break;
  95   2                      case (6) :      LED5=0;     break;  
  96   2                      case (7) :      LED6=0;     break;
  97   2                      case (8) :      LED7=0;     break;
  98   2                      case (9) :      LED4=0;     break;
  99   2                      case (10) :     LED5=0;     break;  
 100   2                      case (11) :     LED6=0;     break;
 101   2                      case (12) :     LED7=0;     break;
 102   2                      case (13) :     LED4=0;     break;
 103   2                      case (14) :     LED5=0;     break;  
 104   2                      case (15) :     LED6=0;     break;
 105   2                      case (16) :     LED7=0;     break;
 106   2                      }
 107   1        
 108   1      }


MODULE INFORMATION:   STATIC OVERLAYABLE
   CODE SIZE        =    224    ----
   CONSTANT SIZE    =   ----    ----
   XDATA SIZE       =   ----    ----
   PDATA SIZE       =   ----    ----
   DATA SIZE        =      1    ----
C51 COMPILER V9.60.0.0   MAIN                                                              12/15/2022 12:31:56 PAGE 3   

   IDATA SIZE       =   ----    ----
   BIT SIZE         =   ----    ----
END OF MODULE INFORMATION.


C51 COMPILATION COMPLETE.  0 WARNING(S),  0 ERROR(S)
