C51 COMPILER V9.60.0.0   MAIN                                                              02/16/2023 15:02:00 PAGE 1   


C51 COMPILER V9.60.0.0, COMPILATION OF MODULE MAIN
OBJECT MODULE PLACED IN .\Objects\main.obj
COMPILER INVOKED BY: D:\SoftWare\keil5\C51\BIN\C51.EXE main.c OPTIMIZE(8,SPEED) BROWSE DEBUG OBJECTEXTEND PRINT(.\Listin
                    -gs\main.lst) TABS(2) OBJECT(.\Objects\main.obj)

line level    source

   1          #include <reg52.h>
   2          #include <intrins.h>
   3          
   4          /*-----LED-PIN----*/
   5          sbit LED3 = P1^0;
   6          sbit LED4 = P1^1;
   7          sbit LED5 = P1^2;
   8          sbit LED6 = P1^3; 
   9          sbit LED7 = P1^4;
  10          /*-----LED-PIN----*/
  11          /*函数或者变量声明*/
  12          void Delay100ms();
  13          void  LED_Test  (void);
  14          /*-------------- 主函数--------------*/
  15          void main()
  16          {
  17   1      
  18   1      while(1){
  19   2        LED_Test();
  20   2      }
  21   1      
  22   1      }
  23          
  24          /*--------------相关函数--------------*/
  25          //延时函数
  26          void Delay100ms()   //@11.0592MHz
  27          {
  28   1        unsigned char i, j, k;
  29   1      
  30   1        i = 5;
  31   1        j = 52;
  32   1        k = 195;
  33   1        do
  34   1        {
  35   2          do
  36   2          {
  37   3            while (--k);
  38   3          } while (--j);
  39   2        } while (--i);
  40   1      }
  41          //LED灯测试
  42          //void LED_Test(void){
  43          //    LED3 = 0;
  44          //    LED4 = 0;
  45          //    LED5 = 0;
  46          //    LED6 = 0;
  47          //    LED7 = 0;
  48          //    Delay100ms();
  49          //    LED3 = 1;
  50          //    LED4 = 1;
  51          //    LED5 = 1;
  52          //    LED6 = 1;
  53          //    LED7 = 1;
  54          //    Delay100ms();
C51 COMPILER V9.60.0.0   MAIN                                                              02/16/2023 15:02:00 PAGE 2   

  55          //}
  56          void LED_Test(void){
  57   1          P1 = 0x1e;
  58   1          Delay100ms();
  59   1          P1 = 0x1d;
  60   1          Delay100ms();
  61   1          P1 = 0x1b ;
  62   1          Delay100ms();
  63   1          P1 = 0x17 ;
  64   1          Delay100ms();
  65   1          P1 = 0x0f ;
  66   1          Delay100ms();
  67   1      }
  68          
  69          /*--------------相关函数--------------*/
  70          
  71          
  72          
  73          


MODULE INFORMATION:   STATIC OVERLAYABLE
   CODE SIZE        =     48    ----
   CONSTANT SIZE    =   ----    ----
   XDATA SIZE       =   ----    ----
   PDATA SIZE       =   ----    ----
   DATA SIZE        =   ----    ----
   IDATA SIZE       =   ----    ----
   BIT SIZE         =   ----    ----
END OF MODULE INFORMATION.


C51 COMPILATION COMPLETE.  0 WARNING(S),  0 ERROR(S)
